#
# A fatal error has been detected by the Java Runtime Environment:
#
#  Internal Error (javaCalls.cpp:51), pid=74389, tid=0x0000000000003603
#  guarantee(thread->is_Java_thread()) failed: crucial check - the VM thread cannot and must not escape to Java code
#
# JRE version: Java(TM) SE Runtime Environment (8.0_211-b12) (build 1.8.0_211-b12)
# Java VM: Java HotSpot(TM) 64-Bit Server VM (25.211-b12 mixed mode bsd-amd64 compressed oops)
# Failed to write core dump. Core dumps have been disabled. To enable core dumping, try "ulimit -c unlimited" before starting Java again
#
# If you would like to submit a bug report, please visit:
#   http://bugreport.java.com/bugreport/crash.jsp
#

---------------  T H R E A D  ---------------

Current thread (0x00007fc422004000):  VMThread [stack: 0x000070000b219000,0x000070000b319000] [id=13827]

Stack: [0x000070000b219000,0x000070000b319000],  sp=0x000070000b317a20,  free space=1018k
Native frames: (J=compiled Java code, j=interpreted, Vv=VM code, C=native code)
V  [libjvm.dylib+0x5b6994]
V  [libjvm.dylib+0x1e9bdd]
V  [libjvm.dylib+0x2f03c0]
V  [libjvm.dylib+0x2f0c78]
V  [libjvm.dylib+0x2f11ab]
V  [libjvm.dylib+0x24478f]
V  [libjvm.dylib+0x24488a]
V  [libjvm.dylib+0x244ae9]
V  [libjvm.dylib+0x244b04]
V  [libjvm.dylib+0x2889a3]
V  [libjvm.dylib+0x288a33]
V  [libjvm.dylib+0x288d4f]
V  [libjvm.dylib+0x289c56]
V  [libjvm.dylib+0x28b608]
V  [libjvm.dylib+0x28b857]
V  [libjvm.dylib+0x28bdee]
V  [libjvm.dylib+0x28c207]
V  [libjvm.dylib+0x4861f5]
V  [libjvm.dylib+0x4863fe]
V  [libjvm.dylib+0x4865df]
V  [libjvm.dylib+0x486896]
V  [libjvm.dylib+0x2c3b34]
V  [libjvm.dylib+0x453f21]
V  [libjvm.dylib+0x39c033]
V  [libjvm.dylib+0x5be615]
V  [libjvm.dylib+0x5bcbad]
V  [libjvm.dylib+0x5bcffa]
V  [libjvm.dylib+0x5bc919]
V  [libjvm.dylib+0x48f30a]
C  [libsystem_pthread.dylib+0x32eb]  _pthread_body+0x7e
C  [libsystem_pthread.dylib+0x6249]  _pthread_start+0x42
C  [libsystem_pthread.dylib+0x240d]  thread_start+0xd

VM_Operation (0x000070000b724978): GetOrSetLocal, mode: safepoint, requested by thread 0x00007fc423000000


---------------  P R O C E S S  ---------------

Java Threads: ( => current thread )
  0x00007fc426e80000 JavaThread "HikariPool-1 housekeeper" daemon [_thread_blocked, id=41995, stack(0x000070000c043000,0x000070000c143000)]
  0x00007fc41f067000 JavaThread "mysql-cj-abandoned-connection-cleanup" daemon [_thread_blocked, id=42247, stack(0x000070000bf40000,0x000070000c040000)]
  0x00007fc42093c000 JavaThread "Service Thread" daemon [_thread_blocked, id=42755, stack(0x000070000bd3a000,0x000070000be3a000)]
  0x00007fc41f847000 JavaThread "C1 CompilerThread3" daemon [_thread_blocked, id=22531, stack(0x000070000bc37000,0x000070000bd37000)]
  0x00007fc421000000 JavaThread "C2 CompilerThread2" daemon [_thread_blocked, id=22019, stack(0x000070000bb34000,0x000070000bc34000)]
  0x00007fc422298000 JavaThread "C2 CompilerThread1" daemon [_thread_blocked, id=21763, stack(0x000070000ba31000,0x000070000bb31000)]
  0x00007fc42229a800 JavaThread "C2 CompilerThread0" daemon [_thread_blocked, id=17667, stack(0x000070000b92e000,0x000070000ba2e000)]
  0x00007fc41f00e800 JavaThread "JDWP Command Reader" daemon [_thread_in_native, id=18435, stack(0x000070000b82b000,0x000070000b92b000)]
  0x00007fc423800000 JavaThread "JDWP Event Helper Thread" daemon [_thread_blocked, id=17155, stack(0x000070000b728000,0x000070000b828000)]
  0x00007fc423000000 JavaThread "JDWP Transport Listener: dt_socket" daemon [_thread_blocked, id=16903, stack(0x000070000b625000,0x000070000b725000)]
  0x00007fc42200c000 JavaThread "Signal Dispatcher" daemon [_thread_blocked, id=16387, stack(0x000070000b522000,0x000070000b622000)]
  0x00007fc42200a000 JavaThread "Finalizer" daemon [_thread_blocked, id=14851, stack(0x000070000b41f000,0x000070000b51f000)]
  0x00007fc422802000 JavaThread "Reference Handler" daemon [_thread_blocked, id=14339, stack(0x000070000b31c000,0x000070000b41c000)]
  0x00007fc42080a000 JavaThread "main" [_thread_blocked, id=9987, stack(0x000070000a6f8000,0x000070000a7f8000)]

Other Threads:
=>0x00007fc422004000 VMThread [stack: 0x000070000b219000,0x000070000b319000] [id=13827]
  0x00007fc42301a800 WatcherThread [stack: 0x000070000be3d000,0x000070000bf3d000] [id=23043]

VM state:at safepoint (normal execution)

VM Mutex/Monitor currently owned by a thread:  ([mutex/lock_event])
[0x00007fc41e40ff80] Threads_lock - owner thread: 0x00007fc422004000

heap address: 0x00000006c0000000, size: 4096 MB, Compressed Oops mode: Zero based, Oop shift amount: 3
Narrow klass base: 0x0000000000000000, Narrow klass shift: 3
Compressed class space size: 1073741824 Address: 0x00000007c0000000

Heap:
 PSYoungGen      total 343552K, used 170715K [0x000000076ab00000, 0x0000000786280000, 0x00000007c0000000)
  eden space 328704K, 51% used [0x000000076ab00000,0x00000007751b6f08,0x000000077ec00000)
  from space 14848K, 0% used [0x000000077ec00000,0x000000077ec00000,0x000000077fa80000)
  to   space 17920K, 0% used [0x0000000785100000,0x0000000785100000,0x0000000786280000)
 ParOldGen       total 203264K, used 29025K [0x00000006c0000000, 0x00000006cc680000, 0x000000076ab00000)
  object space 203264K, 14% used [0x00000006c0000000,0x00000006c1c58690,0x00000006cc680000)
 Metaspace       used 60918K, capacity 63940K, committed 63960K, reserved 1103872K
  class space    used 8428K, capacity 8917K, committed 8920K, reserved 1048576K

Card table byte_map: [0x0000000104616000,0x0000000104e17000] byte_map_base: 0x0000000101016000

Marking Bits: (ParMarkBitMap*) 0x0000000103afbe40
 Begin Bits: [0x000000010536d000, 0x000000010936d000)
 End Bits:   [0x000000010936d000, 0x000000010d36d000)

Polling page: 0x00000001019a0000

CodeCache: size=245760Kb used=16928Kb max_used=17708Kb free=228831Kb
 bounds [0x0000000110c1b000, 0x0000000111dfb000, 0x000000011fc1b000]
 total_blobs=4915 nmethods=4368 adapters=468
 compilation: enabled

Compilation events (10 events):
Event: 10.609 Thread 0x00007fc421000000 nmethod 4834 0x0000000111da2dd0 code [0x0000000111da3940, 0x0000000111db6e20]
Event: 10.939 Thread 0x00007fc42229a800 nmethod 4826 0x0000000111dccd90 code [0x0000000111dcd9e0, 0x0000000111de0588]
Event: 57.505 Thread 0x00007fc41f847000 4989       3       java.lang.Integer::toHexString (6 bytes)
Event: 57.505 Thread 0x00007fc41f847000 nmethod 4989 0x0000000110d65350 code [0x0000000110d654c0, 0x0000000110d65628]
Event: 57.506 Thread 0x00007fc41f847000 4990       3       java.lang.Integer::toUnsignedString0 (46 bytes)
Event: 57.506 Thread 0x00007fc41f847000 nmethod 4990 0x0000000110fb0750 code [0x0000000110fb08e0, 0x0000000110fb0d38]
Event: 78.595 Thread 0x00007fc422298000 4991       4       org.apache.commons.logging.LogAdapter$Slf4jLog::isTraceEnabled (10 bytes)
Event: 78.596 Thread 0x00007fc422298000 nmethod 4991 0x00000001116add90 code [0x00000001116adee0, 0x00000001116adfc8]
Event: 146.318 Thread 0x00007fc41f847000 4992       1       org.springframework.aop.framework.ReflectiveMethodInvocation::getMethod (5 bytes)
Event: 146.318 Thread 0x00007fc41f847000 nmethod 4992 0x00000001116af150 code [0x00000001116af2a0, 0x00000001116af3b0]

GC Heap History (10 events):
Event: 3.407 GC heap before
{Heap before GC invocations=8 (full 1):
 PSYoungGen      total 218112K, used 32519K [0x000000076ab00000, 0x0000000778e80000, 0x00000007c0000000)
  eden space 209408K, 11% used [0x000000076ab00000,0x000000076c2448d8,0x0000000777780000)
  from space 8704K, 99% used [0x0000000778380000,0x0000000778bfd700,0x0000000778c00000)
  to   space 11776K, 0% used [0x0000000777780000,0x0000000777780000,0x0000000778300000)
 ParOldGen       total 94720K, used 10125K [0x00000006c0000000, 0x00000006c5c80000, 0x000000076ab00000)
  object space 94720K, 10% used [0x00000006c0000000,0x00000006c09e3420,0x00000006c5c80000)
 Metaspace       used 34243K, capacity 35336K, committed 35416K, reserved 1079296K
  class space    used 4661K, capacity 4911K, committed 4952K, reserved 1048576K
Event: 3.413 GC heap after
Heap after GC invocations=8 (full 1):
 PSYoungGen      total 221184K, used 7926K [0x000000076ab00000, 0x0000000780900000, 0x00000007c0000000)
  eden space 209408K, 0% used [0x000000076ab00000,0x000000076ab00000,0x0000000777780000)
  from space 11776K, 67% used [0x0000000777780000,0x0000000777f3d9e8,0x0000000778300000)
  to   space 11264K, 0% used [0x000000077fe00000,0x000000077fe00000,0x0000000780900000)
 ParOldGen       total 94720K, used 10133K [0x00000006c0000000, 0x00000006c5c80000, 0x000000076ab00000)
  object space 94720K, 10% used [0x00000006c0000000,0x00000006c09e5420,0x00000006c5c80000)
 Metaspace       used 34243K, capacity 35336K, committed 35416K, reserved 1079296K
  class space    used 4661K, capacity 4911K, committed 4952K, reserved 1048576K
}
Event: 3.413 GC heap before
{Heap before GC invocations=9 (full 2):
 PSYoungGen      total 221184K, used 7926K [0x000000076ab00000, 0x0000000780900000, 0x00000007c0000000)
  eden space 209408K, 0% used [0x000000076ab00000,0x000000076ab00000,0x0000000777780000)
  from space 11776K, 67% used [0x0000000777780000,0x0000000777f3d9e8,0x0000000778300000)
  to   space 11264K, 0% used [0x000000077fe00000,0x000000077fe00000,0x0000000780900000)
 ParOldGen       total 94720K, used 10133K [0x00000006c0000000, 0x00000006c5c80000, 0x000000076ab00000)
  object space 94720K, 10% used [0x00000006c0000000,0x00000006c09e5420,0x00000006c5c80000)
 Metaspace       used 34243K, capacity 35336K, committed 35416K, reserved 1079296K
  class space    used 4661K, capacity 4911K, committed 4952K, reserved 1048576K
Event: 3.451 GC heap after
Heap after GC invocations=9 (full 2):
 PSYoungGen      total 221184K, used 0K [0x000000076ab00000, 0x0000000780900000, 0x00000007c0000000)
  eden space 209408K, 0% used [0x000000076ab00000,0x000000076ab00000,0x0000000777780000)
  from space 11776K, 0% used [0x0000000777780000,0x0000000777780000,0x0000000778300000)
  to   space 11264K, 0% used [0x000000077fe00000,0x000000077fe00000,0x0000000780900000)
 ParOldGen       total 141824K, used 12489K [0x00000006c0000000, 0x00000006c8a80000, 0x000000076ab00000)
  object space 141824K, 8% used [0x00000006c0000000,0x00000006c0c325b8,0x00000006c8a80000)
 Metaspace       used 34243K, capacity 35336K, committed 35416K, reserved 1079296K
  class space    used 4661K, capacity 4911K, committed 4952K, reserved 1048576K
}
Event: 5.495 GC heap before
{Heap before GC invocations=10 (full 2):
 PSYoungGen      total 221184K, used 209408K [0x000000076ab00000, 0x0000000780900000, 0x00000007c0000000)
  eden space 209408K, 100% used [0x000000076ab00000,0x0000000777780000,0x0000000777780000)
  from space 11776K, 0% used [0x0000000777780000,0x0000000777780000,0x0000000778300000)
  to   space 11264K, 0% used [0x000000077fe00000,0x000000077fe00000,0x0000000780900000)
 ParOldGen       total 141824K, used 12489K [0x00000006c0000000, 0x00000006c8a80000, 0x000000076ab00000)
  object space 141824K, 8% used [0x00000006c0000000,0x00000006c0c325b8,0x00000006c8a80000)
 Metaspace       used 47940K, capacity 49566K, committed 50008K, reserved 1091584K
  class space    used 6603K, capacity 6896K, committed 7000K, reserved 1048576K
Event: 5.528 GC heap after
Heap after GC invocations=10 (full 2):
 PSYoungGen      total 332800K, used 11250K [0x000000076ab00000, 0x0000000780900000, 0x00000007c0000000)
  eden space 321536K, 0% used [0x000000076ab00000,0x000000076ab00000,0x000000077e500000)
  from space 11264K, 99% used [0x000000077fe00000,0x00000007808fc9e0,0x0000000780900000)
  to   space 14848K, 0% used [0x000000077ec00000,0x000000077ec00000,0x000000077fa80000)
 ParOldGen       total 141824K, used 17846K [0x00000006c0000000, 0x00000006c8a80000, 0x000000076ab00000)
  object space 141824K, 12% used [0x00000006c0000000,0x00000006c116dbf8,0x00000006c8a80000)
 Metaspace       used 47940K, capacity 49566K, committed 50008K, reserved 1091584K
  class space    used 6603K, capacity 6896K, committed 7000K, reserved 1048576K
}
Event: 8.636 GC heap before
{Heap before GC invocations=11 (full 2):
 PSYoungGen      total 332800K, used 222955K [0x000000076ab00000, 0x0000000780900000, 0x00000007c0000000)
  eden space 321536K, 65% used [0x000000076ab00000,0x00000007779be2f8,0x000000077e500000)
  from space 11264K, 99% used [0x000000077fe00000,0x00000007808fc9e0,0x0000000780900000)
  to   space 14848K, 0% used [0x000000077ec00000,0x000000077ec00000,0x000000077fa80000)
 ParOldGen       total 141824K, used 17846K [0x00000006c0000000, 0x00000006c8a80000, 0x000000076ab00000)
  object space 141824K, 12% used [0x00000006c0000000,0x00000006c116dbf8,0x00000006c8a80000)
 Metaspace       used 56363K, capacity 58898K, committed 58968K, reserved 1099776K
  class space    used 7795K, capacity 8240K, committed 8280K, reserved 1048576K
Event: 8.651 GC heap after
Heap after GC invocations=11 (full 2):
 PSYoungGen      total 343552K, used 14838K [0x000000076ab00000, 0x0000000786280000, 0x00000007c0000000)
  eden space 328704K, 0% used [0x000000076ab00000,0x000000076ab00000,0x000000077ec00000)
  from space 14848K, 99% used [0x000000077ec00000,0x000000077fa7da60,0x000000077fa80000)
  to   space 17920K, 0% used [0x0000000785100000,0x0000000785100000,0x0000000786280000)
 ParOldGen       total 141824K, used 22020K [0x00000006c0000000, 0x00000006c8a80000, 0x000000076ab00000)
  object space 141824K, 15% used [0x00000006c0000000,0x00000006c1581210,0x00000006c8a80000)
 Metaspace       used 56363K, capacity 58898K, committed 58968K, reserved 1099776K
  class space    used 7795K, capacity 8240K, committed 8280K, reserved 1048576K
}
Event: 8.651 GC heap before
{Heap before GC invocations=12 (full 3):
 PSYoungGen      total 343552K, used 14838K [0x000000076ab00000, 0x0000000786280000, 0x00000007c0000000)
  eden space 328704K, 0% used [0x000000076ab00000,0x000000076ab00000,0x000000077ec00000)
  from space 14848K, 99% used [0x000000077ec00000,0x000000077fa7da60,0x000000077fa80000)
  to   space 17920K, 0% used [0x0000000785100000,0x0000000785100000,0x0000000786280000)
 ParOldGen       total 141824K, used 22020K [0x00000006c0000000, 0x00000006c8a80000, 0x000000076ab00000)
  object space 141824K, 15% used [0x00000006c0000000,0x00000006c1581210,0x00000006c8a80000)
 Metaspace       used 56363K, capacity 58898K, committed 58968K, reserved 1099776K
  class space    used 7795K, capacity 8240K, committed 8280K, reserved 1048576K
Event: 8.796 GC heap after
Heap after GC invocations=12 (full 3):
 PSYoungGen      total 343552K, used 0K [0x000000076ab00000, 0x0000000786280000, 0x00000007c0000000)
  eden space 328704K, 0% used [0x000000076ab00000,0x000000076ab00000,0x000000077ec00000)
  from space 14848K, 0% used [0x000000077ec00000,0x000000077ec00000,0x000000077fa80000)
  to   space 17920K, 0% used [0x0000000785100000,0x0000000785100000,0x0000000786280000)
 ParOldGen       total 203264K, used 29025K [0x00000006c0000000, 0x00000006cc680000, 0x000000076ab00000)
  object space 203264K, 14% used [0x00000006c0000000,0x00000006c1c58690,0x00000006cc680000)
 Metaspace       used 56363K, capacity 58898K, committed 58968K, reserved 1099776K
  class space    used 7795K, capacity 8240K, committed 8280K, reserved 1048576K
}

Deoptimization events (10 events):
Event: 9.264 Thread 0x00007fc42080a000 Uncommon trap: reason=unstable_if action=reinterpret pc=0x0000000111b6fdac method=org.springframework.beans.factory.support.AbstractBeanFactory.isTypeMatch(Ljava/lang/String;Lorg/springframework/core/ResolvableType;)Z @ 26
Event: 9.439 Thread 0x00007fc42080a000 Uncommon trap: reason=null_check action=make_not_entrant pc=0x0000000111742138 method=org.springframework.util.ClassUtils.isAssignable(Ljava/lang/Class;Ljava/lang/Class;)Z @ 14
Event: 9.641 Thread 0x00007fc42080a000 Uncommon trap: reason=null_check action=make_not_entrant pc=0x0000000110dc391c method=org.springframework.core.annotation.AnnotatedElementUtils.searchWithGetSemanticsInAnnotations(Ljava/lang/reflect/AnnotatedElement;Ljava/util/List;Ljava/util/Set;Ljava/la
Event: 9.651 Thread 0x00007fc42080a000 Uncommon trap: reason=unstable_if action=reinterpret pc=0x0000000111784234 method=org.springframework.util.ConcurrentReferenceHashMap$Segment.clear()V @ 4
Event: 9.898 Thread 0x00007fc42080a000 Uncommon trap: reason=class_check action=maybe_recompile pc=0x000000011177a204 method=org.springframework.core.annotation.AnnotationUtils.getDeclaredAnnotations(Ljava/lang/reflect/AnnotatedElement;)[Ljava/lang/annotation/Annotation; @ 33
Event: 9.926 Thread 0x00007fc42080a000 Uncommon trap: reason=class_check action=maybe_recompile pc=0x000000011177a204 method=org.springframework.core.annotation.AnnotationUtils.getDeclaredAnnotations(Ljava/lang/reflect/AnnotatedElement;)[Ljava/lang/annotation/Annotation; @ 33
Event: 78.216 Thread 0x00007fc423000000 Uncommon trap: reason=unstable_if action=reinterpret pc=0x000000011189955c method=org.groovy.debug.hotswap.ResetAgent$1.transform(Ljava/lang/ClassLoader;Ljava/lang/String;Ljava/lang/Class;Ljava/security/ProtectionDomain;[B)[B @ 16
Event: 78.216 Thread 0x00007fc423000000 Uncommon trap: reason=unstable_if action=reinterpret pc=0x00000001116b3c8c method=com.intellij.rt.debugger.agent.CaptureAgent$CaptureTransformer.transform(Ljava/lang/ClassLoader;Ljava/lang/String;Ljava/lang/Class;Ljava/security/ProtectionDomain;[B)[B @ 5
Event: 145.984 Thread 0x00007fc423000000 Uncommon trap: reason=unstable_if action=reinterpret pc=0x00000001116aab64 method=org.groovy.debug.hotswap.ResetAgent$1.transform(Ljava/lang/ClassLoader;Ljava/lang/String;Ljava/lang/Class;Ljava/security/ProtectionDomain;[B)[B @ 16
Event: 145.984 Thread 0x00007fc423000000 Uncommon trap: reason=unstable_if action=reinterpret pc=0x00000001115962c8 method=java.lang.Class.reflectionData()Ljava/lang/Class$ReflectionData; @ 37

Classes redefined (3 events):
Event: 78.260 Thread 0x00007fc422004000 redefined class name=com.example.todoList.Controller.TodoItemControllerTest, count=1
Event: 146.023 Thread 0x00007fc422004000 redefined class name=com.example.todoList.Controller.TodoItemControllerTest, count=2
Event: 431.965 Thread 0x00007fc422004000 redefined class name=com.example.todoList.Controller.TodoItemControllerTest, count=3

Internal exceptions (10 events):
Event: 9.641 Thread 0x00007fc42080a000 Implicit null exception at 0x0000000110dc0a29 to 0x0000000110dc38e5
Event: 9.673 Thread 0x00007fc42080a000 Exception <a 'java/lang/ClassNotFoundException': java/lang/ObjectCustomizer> (0x00000007725eeb18) thrown at [/Users/java_re/workspace/8-2-build-macosx-x86_64/jdk8u211/12973/hotspot/src/share/vm/classfile/systemDictionary.cpp, line 210]
Event: 9.674 Thread 0x00007fc42080a000 Exception <a 'java/lang/ClassNotFoundException': com/example/todoList/Controller/TodoItemControllerTestCustomizer> (0x0000000772615b68) thrown at [/Users/java_re/workspace/8-2-build-macosx-x86_64/jdk8u211/12973/hotspot/src/share/vm/classfile/systemDiction
Event: 9.969 Thread 0x00007fc42080a000 Exception <a 'java/lang/reflect/InvocationTargetException'> (0x0000000773ac33a0) thrown at [/Users/java_re/workspace/8-2-build-macosx-x86_64/jdk8u211/12973/hotspot/src/share/vm/runtime/reflection.cpp, line 1092]
Event: 38.352 Thread 0x00007fc42080a000 Exception <a 'java/lang/ClassNotFoundException': java/lang/ObjectCustomizer> (0x0000000773db1b68) thrown at [/Users/java_re/workspace/8-2-build-macosx-x86_64/jdk8u211/12973/hotspot/src/share/vm/classfile/systemDictionary.cpp, line 210]
Event: 38.359 Thread 0x00007fc42080a000 Exception <a 'java/lang/ClassNotFoundException': com/example/todoList/domain/TodoListCustomizer> (0x0000000773dd2f20) thrown at [/Users/java_re/workspace/8-2-build-macosx-x86_64/jdk8u211/12973/hotspot/src/share/vm/classfile/systemDictionary.cpp, line 210]
Event: 38.361 Thread 0x00007fc42080a000 Exception <a 'java/lang/ArrayIndexOutOfBoundsException': 58> (0x0000000773dd7b98) thrown at [/Users/java_re/workspace/8-2-build-macosx-x86_64/jdk8u211/12973/hotspot/src/share/vm/interpreter/interpreterRuntime.cpp, line 368]
Event: 38.361 Thread 0x00007fc42080a000 Exception <a 'java/lang/ArrayIndexOutOfBoundsException': 59> (0x0000000773dd9440) thrown at [/Users/java_re/workspace/8-2-build-macosx-x86_64/jdk8u211/12973/hotspot/src/share/vm/interpreter/interpreterRuntime.cpp, line 368]
Event: 40.370 Thread 0x00007fc42080a000 Exception <a 'java/lang/NoSuchMethodError': java.lang.Object.lambda$mapIfAllPresent$6(Ljava/util/Optional;Ljava/util/function/BiFunction;Ljava/lang/Object;)Ljava/util/Optional;> (0x00000007748273f0) thrown at [/Users/java_re/workspace/8-2-build-macosx-x86
Event: 40.373 Thread 0x00007fc42080a000 Exception <a 'java/lang/NoSuchMethodError': java.lang.Object.lambda$null$5(Ljava/util/function/BiFunction;Ljava/lang/Object;Ljava/lang/Object;)Ljava/lang/Object;> (0x000000077482c578) thrown at [/Users/java_re/workspace/8-2-build-macosx-x86_64/jdk8u211/12

Events (10 events):
Event: 431.908 Executing VM operation: ChangeBreakpoints done
Event: 431.908 Executing VM operation: ChangeBreakpoints
Event: 431.908 Executing VM operation: ChangeBreakpoints done
Event: 431.909 Executing VM operation: ChangeBreakpoints
Event: 431.909 Executing VM operation: ChangeBreakpoints done
Event: 431.909 Executing VM operation: ChangeBreakpoints
Event: 431.909 Executing VM operation: ChangeBreakpoints done
Event: 431.923 Executing VM operation: RedefineClasses
Event: 431.967 Executing VM operation: RedefineClasses done
Event: 431.969 Executing VM operation: GetOrSetLocal


Dynamic libraries:
0x00007fff35df2000 	/System/Library/Frameworks/Cocoa.framework/Versions/A/Cocoa
0x00007fff41b95000 	/System/Library/Frameworks/Security.framework/Versions/A/Security
0x00007fff34a85000 	/System/Library/Frameworks/ApplicationServices.framework/Versions/A/ApplicationServices
0x00007fff61c80000 	/usr/lib/libz.1.dylib
0x00007fff5f5da000 	/usr/lib/libSystem.B.dylib
0x00007fff60e11000 	/usr/lib/libobjc.A.dylib
0x00007fff36667000 	/System/Library/Frameworks/CoreFoundation.framework/Versions/A/CoreFoundation
0x00007fff388e9000 	/System/Library/Frameworks/Foundation.framework/Versions/C/Foundation
0x00007fff33c7e000 	/System/Library/Frameworks/AppKit.framework/Versions/C/AppKit
0x00007fff361f0000 	/System/Library/Frameworks/CoreData.framework/Versions/A/CoreData
0x00007fff590a0000 	/System/Library/PrivateFrameworks/RemoteViewServices.framework/Versions/A/RemoteViewServices
0x00007fff5d317000 	/System/Library/PrivateFrameworks/UIFoundation.framework/Versions/A/UIFoundation
0x00007fff5e9fb000 	/System/Library/PrivateFrameworks/XCTTargetBootstrap.framework/Versions/A/XCTTargetBootstrap
0x00007fff36576000 	/System/Library/Frameworks/CoreDisplay.framework/Versions/A/CoreDisplay
0x00007fff53dda000 	/System/Library/PrivateFrameworks/IconServices.framework/Versions/A/IconServices
0x00007fff3b20a000 	/System/Library/Frameworks/Metal.framework/Versions/A/Metal
0x00007fff4b31f000 	/System/Library/PrivateFrameworks/DesktopServicesPriv.framework/Versions/A/DesktopServicesPriv
0x00007fff60174000 	/usr/lib/libenergytrace.dylib
0x00007fff5b7fe000 	/System/Library/PrivateFrameworks/SkyLight.framework/Versions/A/SkyLight
0x00007fff36aad000 	/System/Library/Frameworks/CoreGraphics.framework/Versions/A/CoreGraphics
0x00007fff32a4a000 	/System/Library/Frameworks/Accelerate.framework/Versions/A/Accelerate
0x00007fff39032000 	/System/Library/Frameworks/IOSurface.framework/Versions/A/IOSurface
0x00007fff4b18b000 	/System/Library/PrivateFrameworks/DFRFoundation.framework/Versions/A/DFRFoundation
0x00007fff34f68000 	/System/Library/Frameworks/AudioToolbox.framework/Versions/A/AudioToolbox
0x00007fff351e1000 	/System/Library/Frameworks/AudioUnit.framework/Versions/A/AudioUnit
0x00007fff4b220000 	/System/Library/PrivateFrameworks/DataDetectorsCore.framework/Versions/A/DataDetectorsCore
0x00007fff358f5000 	/System/Library/Frameworks/Carbon.framework/Versions/A/Frameworks/HIToolbox.framework/Versions/A/HIToolbox
0x00007fff602cd000 	/usr/lib/libicucore.A.dylib
0x00007fff41109000 	/System/Library/Frameworks/QuartzCore.framework/Versions/A/QuartzCore
0x00007fff35cca000 	/System/Library/Frameworks/Carbon.framework/Versions/A/Frameworks/SpeechRecognition.framework/Versions/A/SpeechRecognition
0x00007fff5f72e000 	/usr/lib/libauto.dylib
0x00007fff61b74000 	/usr/lib/libxml2.2.dylib
0x00007fff4ad66000 	/System/Library/PrivateFrameworks/CoreUI.framework/Versions/A/CoreUI
0x00007fff360db000 	/System/Library/Frameworks/CoreAudio.framework/Versions/A/CoreAudio
0x00007fff3871e000 	/System/Library/Frameworks/DiskArbitration.framework/Versions/A/DiskArbitration
0x00007fff6057b000 	/usr/lib/liblangid.dylib
0x00007fff551e5000 	/System/Library/PrivateFrameworks/MultitouchSupport.framework/Versions/A/MultitouchSupport
0x00007fff38fa1000 	/System/Library/Frameworks/IOKit.framework/Versions/A/IOKit
0x00007fff5f19a000 	/usr/lib/libDiagnosticMessagesClient.dylib
0x00007fff378bc000 	/System/Library/Frameworks/CoreServices.framework/Versions/A/CoreServices
0x00007fff56e9f000 	/System/Library/PrivateFrameworks/PerformanceAnalysis.framework/Versions/A/PerformanceAnalysis
0x00007fff402f7000 	/System/Library/Frameworks/OpenGL.framework/Versions/A/OpenGL
0x00007fff35e00000 	/System/Library/Frameworks/ColorSync.framework/Versions/A/ColorSync
0x00007fff3713e000 	/System/Library/Frameworks/CoreImage.framework/Versions/A/CoreImage
0x00007fff38294000 	/System/Library/Frameworks/CoreText.framework/Versions/A/CoreText
0x00007fff39095000 	/System/Library/Frameworks/ImageIO.framework/Versions/A/ImageIO
0x00007fff473b8000 	/System/Library/PrivateFrameworks/Backup.framework/Versions/A/Backup
0x00007fff5f681000 	/usr/lib/libarchive.2.dylib
0x00007fff3553a000 	/System/Library/Frameworks/CFNetwork.framework/Versions/A/CFNetwork
0x00007fff422f1000 	/System/Library/Frameworks/SystemConfiguration.framework/Versions/A/SystemConfiguration
0x00007fff5f0cb000 	/usr/lib/libCRFSuite.dylib
0x00007fff5f81d000 	/usr/lib/libc++.1.dylib
0x00007fff5f871000 	/usr/lib/libc++abi.dylib
0x00007fff62476000 	/usr/lib/system/libcache.dylib
0x00007fff6247b000 	/usr/lib/system/libcommonCrypto.dylib
0x00007fff62486000 	/usr/lib/system/libcompiler_rt.dylib
0x00007fff6248e000 	/usr/lib/system/libcopyfile.dylib
0x00007fff62498000 	/usr/lib/system/libcorecrypto.dylib
0x00007fff625a3000 	/usr/lib/system/libdispatch.dylib
0x00007fff625dd000 	/usr/lib/system/libdyld.dylib
0x00007fff6260a000 	/usr/lib/system/libkeymgr.dylib
0x00007fff62618000 	/usr/lib/system/liblaunch.dylib
0x00007fff62619000 	/usr/lib/system/libmacho.dylib
0x00007fff6261f000 	/usr/lib/system/libquarantine.dylib
0x00007fff62622000 	/usr/lib/system/libremovefile.dylib
0x00007fff62624000 	/usr/lib/system/libsystem_asl.dylib
0x00007fff6263c000 	/usr/lib/system/libsystem_blocks.dylib
0x00007fff6263d000 	/usr/lib/system/libsystem_c.dylib
0x00007fff626c5000 	/usr/lib/system/libsystem_configuration.dylib
0x00007fff626c9000 	/usr/lib/system/libsystem_coreservices.dylib
0x00007fff626cd000 	/usr/lib/system/libsystem_darwin.dylib
0x00007fff626d4000 	/usr/lib/system/libsystem_dnssd.dylib
0x00007fff626db000 	/usr/lib/system/libsystem_info.dylib
0x00007fff62750000 	/usr/lib/system/libsystem_m.dylib
0x00007fff6279c000 	/usr/lib/system/libsystem_malloc.dylib
0x00007fff627c7000 	/usr/lib/system/libsystem_networkextension.dylib
0x00007fff627d2000 	/usr/lib/system/libsystem_notify.dylib
0x00007fff627ef000 	/usr/lib/system/libsystem_sandbox.dylib
0x00007fff627f3000 	/usr/lib/system/libsystem_secinit.dylib
0x00007fff62727000 	/usr/lib/system/libsystem_kernel.dylib
0x00007fff627da000 	/usr/lib/system/libsystem_platform.dylib
0x00007fff627e4000 	/usr/lib/system/libsystem_pthread.dylib
0x00007fff627f6000 	/usr/lib/system/libsystem_symptoms.dylib
0x00007fff627fe000 	/usr/lib/system/libsystem_trace.dylib
0x00007fff62815000 	/usr/lib/system/libunwind.dylib
0x00007fff6281b000 	/usr/lib/system/libxpc.dylib
0x00007fff5f7fe000 	/usr/lib/libbsm.0.dylib
0x00007fff6260b000 	/usr/lib/system/libkxld.dylib
0x00007fff467a9000 	/System/Library/PrivateFrameworks/AppleFSCompression.framework/Versions/A/AppleFSCompression
0x00007fff5f49a000 	/usr/lib/libOpenScriptingUtil.dylib
0x00007fff5fb26000 	/usr/lib/libcoretls.dylib
0x00007fff5fb3d000 	/usr/lib/libcoretls_cfhelpers.dylib
0x00007fff615a8000 	/usr/lib/libpam.2.dylib
0x00007fff61768000 	/usr/lib/libsqlite3.dylib
0x00007fff61b62000 	/usr/lib/libxar.1.dylib
0x00007fff5f80f000 	/usr/lib/libbz2.1.0.dylib
0x00007fff6057d000 	/usr/lib/liblzma.5.dylib
0x00007fff60a2e000 	/usr/lib/libnetwork.dylib
0x00007fff5f66a000 	/usr/lib/libapple_nghttp2.dylib
0x00007fff615af000 	/usr/lib/libpcap.A.dylib
0x00007fff37c5b000 	/System/Library/Frameworks/CoreServices.framework/Versions/A/Frameworks/FSEvents.framework/Versions/A/FSEvents
0x00007fff3793a000 	/System/Library/Frameworks/CoreServices.framework/Versions/A/Frameworks/CarbonCore.framework/Versions/A/CarbonCore
0x00007fff37e16000 	/System/Library/Frameworks/CoreServices.framework/Versions/A/Frameworks/Metadata.framework/Versions/A/Metadata
0x00007fff37eb5000 	/System/Library/Frameworks/CoreServices.framework/Versions/A/Frameworks/OSServices.framework/Versions/A/OSServices
0x00007fff37f00000 	/System/Library/Frameworks/CoreServices.framework/Versions/A/Frameworks/SearchKit.framework/Versions/A/SearchKit
0x00007fff378bd000 	/System/Library/Frameworks/CoreServices.framework/Versions/A/Frameworks/AE.framework/Versions/A/AE
0x00007fff37c64000 	/System/Library/Frameworks/CoreServices.framework/Versions/A/Frameworks/LaunchServices.framework/Versions/A/LaunchServices
0x00007fff37c12000 	/System/Library/Frameworks/CoreServices.framework/Versions/A/Frameworks/DictionaryServices.framework/Versions/A/DictionaryServices
0x00007fff37f68000 	/System/Library/Frameworks/CoreServices.framework/Versions/A/Frameworks/SharedFileList.framework/Versions/A/SharedFileList
0x00007fff3c2d2000 	/System/Library/Frameworks/NetFS.framework/Versions/A/NetFS
0x00007fff5544b000 	/System/Library/PrivateFrameworks/NetAuth.framework/Versions/A/NetAuth
0x00007fff5edff000 	/System/Library/PrivateFrameworks/login.framework/Versions/A/Frameworks/loginsupport.framework/Versions/A/loginsupport
0x00007fff5cf20000 	/System/Library/PrivateFrameworks/TCC.framework/Versions/A/TCC
0x00007fff4a3c3000 	/System/Library/PrivateFrameworks/CoreNLP.framework/Versions/A/CoreNLP
0x00007fff54ee0000 	/System/Library/PrivateFrameworks/MetadataUtilities.framework/Versions/A/MetadataUtilities
0x00007fff60652000 	/usr/lib/libmecabra.dylib
0x00007fff34a86000 	/System/Library/Frameworks/ApplicationServices.framework/Versions/A/Frameworks/ATS.framework/Versions/A/ATS
0x00007fff34dd5000 	/System/Library/Frameworks/ApplicationServices.framework/Versions/A/Frameworks/ColorSyncLegacy.framework/Versions/A/ColorSyncLegacy
0x00007fff34e74000 	/System/Library/Frameworks/ApplicationServices.framework/Versions/A/Frameworks/HIServices.framework/Versions/A/HIServices
0x00007fff34ec7000 	/System/Library/Frameworks/ApplicationServices.framework/Versions/A/Frameworks/LangAnalysis.framework/Versions/A/LangAnalysis
0x00007fff34ed7000 	/System/Library/Frameworks/ApplicationServices.framework/Versions/A/Frameworks/PrintCore.framework/Versions/A/PrintCore
0x00007fff34f21000 	/System/Library/Frameworks/ApplicationServices.framework/Versions/A/Frameworks/QD.framework/Versions/A/QD
0x00007fff34f5b000 	/System/Library/Frameworks/ApplicationServices.framework/Versions/A/Frameworks/SpeechSynthesis.framework/Versions/A/SpeechSynthesis
0x00007fff5f899000 	/usr/lib/libcompression.dylib
0x00007fff3b4da000 	/System/Library/Frameworks/MetalPerformanceShaders.framework/Versions/A/MetalPerformanceShaders
0x00007fff32a62000 	/System/Library/Frameworks/Accelerate.framework/Versions/A/Frameworks/vImage.framework/Versions/A/vImage
0x00007fff33adc000 	/System/Library/Frameworks/Accelerate.framework/Versions/A/Frameworks/vecLib.framework/Versions/A/vecLib
0x00007fff33a28000 	/System/Library/Frameworks/Accelerate.framework/Versions/A/Frameworks/vecLib.framework/Versions/A/libvMisc.dylib
0x00007fff33840000 	/System/Library/Frameworks/Accelerate.framework/Versions/A/Frameworks/vecLib.framework/Versions/A/libvDSP.dylib
0x00007fff330fc000 	/System/Library/Frameworks/Accelerate.framework/Versions/A/Frameworks/vecLib.framework/Versions/A/libBLAS.dylib
0x00007fff333e9000 	/System/Library/Frameworks/Accelerate.framework/Versions/A/Frameworks/vecLib.framework/Versions/A/libLAPACK.dylib
0x00007fff33793000 	/System/Library/Frameworks/Accelerate.framework/Versions/A/Frameworks/vecLib.framework/Versions/A/libLinearAlgebra.dylib
0x00007fff3382c000 	/System/Library/Frameworks/Accelerate.framework/Versions/A/Frameworks/vecLib.framework/Versions/A/libSparseBLAS.dylib
0x00007fff337a9000 	/System/Library/Frameworks/Accelerate.framework/Versions/A/Frameworks/vecLib.framework/Versions/A/libQuadrature.dylib
0x00007fff33376000 	/System/Library/Frameworks/Accelerate.framework/Versions/A/Frameworks/vecLib.framework/Versions/A/libBNNS.dylib
0x00007fff337af000 	/System/Library/Frameworks/Accelerate.framework/Versions/A/Frameworks/vecLib.framework/Versions/A/libSparse.dylib
0x00007fff51711000 	/System/Library/PrivateFrameworks/GPUWrangler.framework/Versions/A/GPUWrangler
0x00007fff53a0f000 	/System/Library/PrivateFrameworks/IOAccelerator.framework/Versions/A/IOAccelerator
0x00007fff53a1a000 	/System/Library/PrivateFrameworks/IOPresentment.framework/Versions/A/IOPresentment
0x00007fff4b19b000 	/System/Library/PrivateFrameworks/DSExternalDisplay.framework/Versions/A/DSExternalDisplay
0x00007fff3f74e000 	/System/Library/Frameworks/OpenGL.framework/Versions/A/Libraries/libCoreFSCache.dylib
0x00007fff3b2ce000 	/System/Library/Frameworks/MetalPerformanceShaders.framework/Frameworks/MPSCore.framework/Versions/A/MPSCore
0x00007fff3b2ee000 	/System/Library/Frameworks/MetalPerformanceShaders.framework/Frameworks/MPSImage.framework/Versions/A/MPSImage
0x00007fff3b393000 	/System/Library/Frameworks/MetalPerformanceShaders.framework/Frameworks/MPSNeuralNetwork.framework/Versions/A/MPSNeuralNetwork
0x00007fff3b36b000 	/System/Library/Frameworks/MetalPerformanceShaders.framework/Frameworks/MPSMatrix.framework/Versions/A/MPSMatrix
0x00007fff3b4bf000 	/System/Library/Frameworks/MetalPerformanceShaders.framework/Frameworks/MPSRayIntersector.framework/Versions/A/MPSRayIntersector
0x00007fff54f09000 	/System/Library/PrivateFrameworks/MetalTools.framework/Versions/A/MetalTools
0x00007fff46053000 	/System/Library/PrivateFrameworks/AggregateDictionary.framework/Versions/A/AggregateDictionary
0x00007fff5f47a000 	/usr/lib/libMobileGestalt.dylib
0x00007fff383f7000 	/System/Library/Frameworks/CoreVideo.framework/Versions/A/CoreVideo
0x00007fff52522000 	/System/Library/PrivateFrameworks/GraphVisualizer.framework/Versions/A/GraphVisualizer
0x00007fff4c3a1000 	/System/Library/PrivateFrameworks/FaceCore.framework/Versions/A/FaceCore
0x00007fff3ed7c000 	/System/Library/Frameworks/OpenCL.framework/Versions/A/OpenCL
0x00007fff5f1d2000 	/usr/lib/libFosl_dynamic.dylib
0x00007fff55cb6000 	/System/Library/PrivateFrameworks/OTSVG.framework/Versions/A/OTSVG
0x00007fff34b8a000 	/System/Library/Frameworks/ApplicationServices.framework/Versions/A/Frameworks/ATS.framework/Versions/A/Resources/libFontParser.dylib
0x00007fff34ca2000 	/System/Library/Frameworks/ApplicationServices.framework/Versions/A/Frameworks/ATS.framework/Versions/A/Resources/libFontRegistry.dylib
0x00007fff39303000 	/System/Library/Frameworks/ImageIO.framework/Versions/A/Resources/libJPEG.dylib
0x00007fff39615000 	/System/Library/Frameworks/ImageIO.framework/Versions/A/Resources/libTIFF.dylib
0x00007fff395eb000 	/System/Library/Frameworks/ImageIO.framework/Versions/A/Resources/libPng.dylib
0x00007fff39221000 	/System/Library/Frameworks/ImageIO.framework/Versions/A/Resources/libGIF.dylib
0x00007fff39226000 	/System/Library/Frameworks/ImageIO.framework/Versions/A/Resources/libJP2.dylib
0x00007fff39612000 	/System/Library/Frameworks/ImageIO.framework/Versions/A/Resources/libRadiance.dylib
0x00007fff46900000 	/System/Library/PrivateFrameworks/AppleJPEG.framework/Versions/A/AppleJPEG
0x00007fff3f759000 	/System/Library/Frameworks/OpenGL.framework/Versions/A/Libraries/libGFXShared.dylib
0x00007fff3f91c000 	/System/Library/Frameworks/OpenGL.framework/Versions/A/Libraries/libGLU.dylib
0x00007fff3f762000 	/System/Library/Frameworks/OpenGL.framework/Versions/A/Libraries/libGL.dylib
0x00007fff3f76e000 	/System/Library/Frameworks/OpenGL.framework/Versions/A/Libraries/libGLImage.dylib
0x00007fff3f74b000 	/System/Library/Frameworks/OpenGL.framework/Versions/A/Libraries/libCVMSPluginSupport.dylib
0x00007fff3f754000 	/System/Library/Frameworks/OpenGL.framework/Versions/A/Libraries/libCoreVMClient.dylib
0x00007fff5ffea000 	/usr/lib/libcups.2.dylib
0x00007fff3a7d5000 	/System/Library/Frameworks/Kerberos.framework/Versions/A/Kerberos
0x00007fff38d05000 	/System/Library/Frameworks/GSS.framework/Versions/A/GSS
0x00007fff616fd000 	/usr/lib/libresolv.9.dylib
0x00007fff601dc000 	/usr/lib/libiconv.2.dylib
0x00007fff52697000 	/System/Library/PrivateFrameworks/Heimdal.framework/Versions/A/Heimdal
0x00007fff601ac000 	/usr/lib/libheimdal-asn1.dylib
0x00007fff3edf0000 	/System/Library/Frameworks/OpenDirectory.framework/Versions/A/OpenDirectory
0x00007fff49126000 	/System/Library/PrivateFrameworks/CommonAuth.framework/Versions/A/CommonAuth
0x00007fff3edd4000 	/System/Library/Frameworks/OpenDirectory.framework/Versions/A/Frameworks/CFOpenDirectory.framework/Versions/A/CFOpenDirectory
0x00007fff41e96000 	/System/Library/Frameworks/SecurityFoundation.framework/Versions/A/SecurityFoundation
0x00007fff4559a000 	/System/Library/PrivateFrameworks/APFS.framework/Versions/A/APFS
0x00007fff61b5e000 	/usr/lib/libutil.dylib
0x00007fff5f887000 	/usr/lib/libcharset.1.dylib
0x00007fff46b9d000 	/System/Library/PrivateFrameworks/AppleSauce.framework/Versions/A/AppleSauce
0x00007fff46d1e000 	/System/Library/PrivateFrameworks/AssertionServices.framework/Versions/A/AssertionServices
0x00007fff4744e000 	/System/Library/PrivateFrameworks/BaseBoard.framework/Versions/A/BaseBoard
0x00007fff605ad000 	/usr/lib/libmecab.1.0.0.dylib
0x00007fff601a6000 	/usr/lib/libgermantok.dylib
0x00007fff5f657000 	/usr/lib/libThaiTokenizer.dylib
0x00007fff5f102000 	/usr/lib/libChineseTokenizer.dylib
0x00007fff540c7000 	/System/Library/PrivateFrameworks/LanguageModeling.framework/Versions/A/LanguageModeling
0x00007fff49e08000 	/System/Library/PrivateFrameworks/CoreEmoji.framework/Versions/A/CoreEmoji
0x00007fff541a3000 	/System/Library/PrivateFrameworks/Lexicon.framework/Versions/A/Lexicon
0x00007fff541e6000 	/System/Library/PrivateFrameworks/LinguisticData.framework/Versions/A/LinguisticData
0x00007fff5f888000 	/usr/lib/libcmph.dylib
0x00007fff41f54000 	/System/Library/Frameworks/ServiceManagement.framework/Versions/A/ServiceManagement
0x00007fff473af000 	/System/Library/PrivateFrameworks/BackgroundTaskManagement.framework/Versions/A/BackgroundTaskManagement
0x00007fff61c57000 	/usr/lib/libxslt.1.dylib
0x00007fff35bf7000 	/System/Library/Frameworks/Carbon.framework/Versions/A/Frameworks/Ink.framework/Versions/A/Ink
0x00007fff5d192000 	/System/Library/PrivateFrameworks/TextureIO.framework/Versions/A/TextureIO
0x00007fff5f6ab000 	/usr/lib/libate.dylib
0x00007fff4b0ea000 	/System/Library/PrivateFrameworks/CrashReporterSupport.framework/Versions/A/CrashReporterSupport
0x00007fff5a8cc000 	/System/Library/PrivateFrameworks/Sharing.framework/Versions/A/Sharing
0x00007fff47101000 	/System/Library/PrivateFrameworks/AuthKit.framework/Versions/A/AuthKit
0x00007fff46655000 	/System/Library/PrivateFrameworks/Apple80211.framework/Versions/A/Apple80211
0x00007fff4ae92000 	/System/Library/PrivateFrameworks/CoreUtils.framework/Versions/A/CoreUtils
0x00007fff38438000 	/System/Library/Frameworks/CoreWLAN.framework/Versions/A/CoreWLAN
0x00007fff38e34000 	/System/Library/Frameworks/IOBluetooth.framework/Versions/A/IOBluetooth
0x00007fff58d40000 	/System/Library/PrivateFrameworks/ProtocolBuffer.framework/Versions/A/ProtocolBuffer
0x00007fff55141000 	/System/Library/PrivateFrameworks/MobileKeyBag.framework/Versions/A/MobileKeyBag
0x00007fff4a6d6000 	/System/Library/PrivateFrameworks/CorePhoneNumbers.framework/Versions/A/CorePhoneNumbers
0x00007fff468b4000 	/System/Library/PrivateFrameworks/AppleIDAuthSupport.framework/Versions/A/AppleIDAuthSupport
0x00007fff5409a000 	/System/Library/PrivateFrameworks/KeychainCircle.framework/Versions/A/KeychainCircle
0x00007fff58ef6000 	/System/Library/PrivateFrameworks/ROCKit.framework/Versions/A/ROCKit
0x00007fff4b086000 	/System/Library/PrivateFrameworks/CoreWiFi.framework/Versions/A/CoreWiFi
0x00007fff361c5000 	/System/Library/Frameworks/CoreBluetooth.framework/Versions/A/CoreBluetooth
0x00007fff4b2e1000 	/System/Library/PrivateFrameworks/DebugSymbols.framework/Versions/A/DebugSymbols
0x00007fff4ac52000 	/System/Library/PrivateFrameworks/CoreSymbolication.framework/Versions/A/CoreSymbolication
0x00007fff5c9ad000 	/System/Library/PrivateFrameworks/Symbolication.framework/Versions/A/Symbolication
0x00007fff5c250000 	/System/Library/PrivateFrameworks/SpeechRecognitionCore.framework/Versions/A/SpeechRecognitionCore
0x0000000103200000 	/Library/Java/JavaVirtualMachines/jdk1.8.0_211.jdk/Contents/Home/jre/lib/server/libjvm.dylib
0x00007fff61a39000 	/usr/lib/libstdc++.6.dylib
0x000000010195c000 	/Library/Java/JavaVirtualMachines/jdk1.8.0_211.jdk/Contents/Home/jre/lib/libverify.dylib
0x000000010196a000 	/Library/Java/JavaVirtualMachines/jdk1.8.0_211.jdk/Contents/Home/jre/lib/libjava.dylib
0x00000001019a1000 	/Library/Java/JavaVirtualMachines/jdk1.8.0_211.jdk/Contents/Home/jre/lib/libjdwp.dylib
0x00000001019ec000 	/Library/Java/JavaVirtualMachines/jdk1.8.0_211.jdk/Contents/Home/jre/lib/libnpt.dylib
0x00000001041b9000 	/Library/Java/JavaVirtualMachines/jdk1.8.0_211.jdk/Contents/Home/jre/lib/libinstrument.dylib
0x000000010424d000 	/Library/Java/JavaVirtualMachines/jdk1.8.0_211.jdk/Contents/Home/jre/lib/libzip.dylib
0x0000000110966000 	/Library/Java/JavaVirtualMachines/jdk1.8.0_211.jdk/Contents/Home/jre/lib/libdt_socket.dylib
0x0000000120051000 	/Library/Java/JavaVirtualMachines/jdk1.8.0_211.jdk/Contents/Home/jre/lib/libnio.dylib
0x0000000120061000 	/Library/Java/JavaVirtualMachines/jdk1.8.0_211.jdk/Contents/Home/jre/lib/./libnet.dylib
0x0000000120030000 	/Library/Java/JavaVirtualMachines/jdk1.8.0_211.jdk/Contents/Home/jre/lib/libmanagement.dylib

VM Arguments:
jvm_args: -agentlib:jdwp=transport=dt_socket,address=127.0.0.1:57242,suspend=y,server=n -ea -Didea.test.cyclic.buffer.size=1048576 -javaagent:/Users/huali.dong/Library/Caches/IntelliJIdea2019.1/groovyHotSwap/gragent.jar -javaagent:/Users/huali.dong/Library/Caches/IntelliJIdea2019.1/captureAgent/debugger-agent.jar -Dfile.encoding=UTF-8 
java_command: com.intellij.rt.execution.junit.JUnitStarter -ideVersion5 -junit4 com.example.todoList.Controller.TodoItemControllerTest
java_class_path (initial): /Applications/IntelliJ IDEA.app/Contents/lib/idea_rt.jar:/Applications/IntelliJ IDEA.app/Contents/plugins/junit/lib/junit-rt.jar:/Applications/IntelliJ IDEA.app/Contents/plugins/junit/lib/junit5-rt.jar:/Library/Java/JavaVirtualMachines/jdk1.8.0_211.jdk/Contents/Home/jre/lib/charsets.jar:/Library/Java/JavaVirtualMachines/jdk1.8.0_211.jdk/Contents/Home/jre/lib/deploy.jar:/Library/Java/JavaVirtualMachines/jdk1.8.0_211.jdk/Contents/Home/jre/lib/ext/cldrdata.jar:/Library/Java/JavaVirtualMachines/jdk1.8.0_211.jdk/Contents/Home/jre/lib/ext/dnsns.jar:/Library/Java/JavaVirtualMachines/jdk1.8.0_211.jdk/Contents/Home/jre/lib/ext/jaccess.jar:/Library/Java/JavaVirtualMachines/jdk1.8.0_211.jdk/Contents/Home/jre/lib/ext/jfxrt.jar:/Library/Java/JavaVirtualMachines/jdk1.8.0_211.jdk/Contents/Home/jre/lib/ext/localedata.jar:/Library/Java/JavaVirtualMachines/jdk1.8.0_211.jdk/Contents/Home/jre/lib/ext/nashorn.jar:/Library/Java/JavaVirtualMachines/jdk1.8.0_211.jdk/Contents/Home/jre/lib/ext/sunec.jar:/Library/Java/JavaVirtualMachines/jdk1.8.0_211.jdk/Contents/Home/jre/lib/ext/sunjce_provider.jar:/Library/Java/JavaVirtualMachines/jdk1.8.0_211.jdk/Contents/Home/jre/lib/ext/sunpkcs11.jar:/Library/Java/JavaVirtualMachines/jdk1.8.0_211.jdk/Contents/Home/jre/lib/ext/zipfs.jar:/Library/Java/JavaVirtualMachines/jdk1.8.0_211.jdk/Contents/Home/jre/lib/javaws.jar:/Library/Java/JavaVirtualMachines/jdk1.8.0_211.jdk/Contents/Home/jre/lib/jce.jar:/Library/Java/JavaVirtualMachines/jdk1.8.0_211.jdk/Contents/Home/jre/lib/jfr.jar:/Library/Java/JavaVirtualMachines/jdk1.8.0_211.jdk/Contents/Home/jre/lib/jfxswt.jar:/Library/Java/JavaVirtualMachines/jdk1.8.0_211.jdk/Contents/Home/jre/lib/jsse.jar:/Library/Java/JavaVirtualMachines/jdk1.8.0_211.jdk/Contents/Home/jre/lib/management-agent.jar:/Library/Java/JavaVirtualMachines/jdk1.8.0_211.jdk/Contents/Home/jre/lib/plugin.jar:/Library/Java/JavaVirtualMachines/jdk1.8.0_211.jdk/Contents/Home/jre/lib/resources.jar:/Library/Java/JavaVirtualM
Launcher Type: SUN_STANDARD

Environment Variables:
JAVA_HOME=/Library/Java/JavaVirtualMachines/jdk1.8.0_211.jdk/Contents/Home
CLASSPATH=/Library/Java/JavaVirtualMachines/jdk1.8.0_211.jdk/Contents/Home/lib/tools.jar:/Library/Java/JavaVirtualMachines/jdk1.8.0_211.jdk/Contents/Home/lib/dt.jar:.
PATH=/Users/huali.dong/.nvm/versions/node/v8.16.0/bin:/Library/Java/JavaVirtualMachines/jdk1.8.0_211.jdk/Contents/Home/bin:/usr/local/bin:/usr/bin:/bin:/usr/sbin:/sbin:/usr/local/share/dotnet:/Users/huali.dong/.dotnet/tools:.:/Users/huali.dong/.dotnet/tools
SHELL=/bin/zsh

Signal Handlers:
SIGSEGV: [libjvm.dylib+0x5b71a7], sa_mask[0]=11111111011111110111111111111111, sa_flags=SA_ONSTACK|SA_RESTART|SA_SIGINFO
SIGBUS: [libjvm.dylib+0x5b71a7], sa_mask[0]=11111111011111110111111111111111, sa_flags=SA_RESTART|SA_SIGINFO
SIGFPE: [libjvm.dylib+0x48c8fc], sa_mask[0]=11111111011111110111111111111111, sa_flags=SA_RESTART|SA_SIGINFO
SIGPIPE: [libjvm.dylib+0x48c8fc], sa_mask[0]=11111111011111110111111111111111, sa_flags=SA_RESTART|SA_SIGINFO
SIGXFSZ: [libjvm.dylib+0x48c8fc], sa_mask[0]=11111111011111110111111111111111, sa_flags=SA_RESTART|SA_SIGINFO
SIGILL: [libjvm.dylib+0x48c8fc], sa_mask[0]=11111111011111110111111111111111, sa_flags=SA_RESTART|SA_SIGINFO
SIGUSR1: SIG_DFL, sa_mask[0]=00000000000000000000000000000000, sa_flags=none
SIGUSR2: [libjvm.dylib+0x48c41a], sa_mask[0]=00100000000000000000000000000000, sa_flags=SA_RESTART|SA_SIGINFO
SIGHUP: [libjvm.dylib+0x48a9a5], sa_mask[0]=11111111011111110111111111111111, sa_flags=SA_RESTART|SA_SIGINFO
SIGINT: [libjvm.dylib+0x48a9a5], sa_mask[0]=11111111011111110111111111111111, sa_flags=SA_RESTART|SA_SIGINFO
SIGTERM: [libjvm.dylib+0x48a9a5], sa_mask[0]=11111111011111110111111111111111, sa_flags=SA_RESTART|SA_SIGINFO
SIGQUIT: [libjvm.dylib+0x48a9a5], sa_mask[0]=11111111011111110111111111111111, sa_flags=SA_RESTART|SA_SIGINFO


---------------  S Y S T E M  ---------------

OS:Bsduname:Darwin 18.7.0 Darwin Kernel Version 18.7.0: Thu Jun 20 18:42:21 PDT 2019; root:xnu-4903.270.47~4/RELEASE_X86_64 x86_64
rlimit: STACK 8192k, CORE 0k, NPROC 1418, NOFILE 10240, AS infinity
load average:3.26 3.40 3.10

CPU:total 12 (initial active 12) (6 cores per cpu, 2 threads per core) family 6 model 158 stepping 10, cmov, cx8, fxsr, mmx, sse, sse2, sse3, ssse3, sse4.1, sse4.2, popcnt, avx, avx2, aes, clmul, erms, 3dnowpref, lzcnt, ht, tsc, tscinvbit, bmi1, bmi2, adx

Memory: 4k page, physical 16777216k(2524720k free)

/proc/meminfo:


vm_info: Java HotSpot(TM) 64-Bit Server VM (25.211-b12) for bsd-amd64 JRE (1.8.0_211-b12), built on Apr  1 2019 20:53:18 by "java_re" with gcc 4.2.1 (Based on Apple Inc. build 5658) (LLVM build 2336.11.00)

time: Wed Oct 30 17:20:00 2019
timezone: CST
elapsed time: 432 seconds (0d 0h 7m 12s)

